<?xml version="1.0" encoding="UTF-8"?>
<testsuites name="GutTests" failures="0" tests="69" >
  <testsuite name="tests/integration/test_core_loop.gd" tests="9" failures="0" skipped="0" time="1.614771" >
      <testcase name="test_level_loads_without_errors" assertions="1" status="pass" classname="tests/integration/test_core_loop.gd" time="0.415813" >
      </testcase>
      <testcase name="test_player_spawns_in_level" assertions="2" status="pass" classname="tests/integration/test_core_loop.gd" time="0.156782" >
      </testcase>
      <testcase name="test_weapon_is_attached_to_player" assertions="2" status="pass" classname="tests/integration/test_core_loop.gd" time="0.150947" >
      </testcase>
      <testcase name="test_enemies_spawn_in_level" assertions="1" status="pass" classname="tests/integration/test_core_loop.gd" time="0.129072" >
      </testcase>
      <testcase name="test_enemy_has_health_component" assertions="2" status="pass" classname="tests/integration/test_core_loop.gd" time="0.086994" >
      </testcase>
      <testcase name="test_weapon_can_damage_enemy" assertions="1" status="pass" classname="tests/integration/test_core_loop.gd" time="0.176184" >
      </testcase>
      <testcase name="test_player_has_camera" assertions="1" status="pass" classname="tests/integration/test_core_loop.gd" time="0.149401" >
      </testcase>
      <testcase name="test_game_state_run_active_after_level_load" assertions="1" status="pass" classname="tests/integration/test_core_loop.gd" time="0.167436" >
      </testcase>
      <testcase name="test_csg_collision_exists" assertions="2" status="pass" classname="tests/integration/test_core_loop.gd" time="0.182142" >
      </testcase>
      </testsuite>
  <testsuite name="tests/unit/test_game_state.gd" tests="6" failures="0" skipped="0" time="0.030089" >
      <testcase name="test_project_loads_without_errors" assertions="1" status="pass" classname="tests/unit/test_game_state.gd" time="0.000137" >
      </testcase>
      <testcase name="test_game_state_autoload_exists" assertions="2" status="pass" classname="tests/unit/test_game_state.gd" time="0.028265" >
      </testcase>
      <testcase name="test_game_state_run_lifecycle" assertions="3" status="pass" classname="tests/unit/test_game_state.gd" time="0.000585" >
      </testcase>
      <testcase name="test_game_state_damage" assertions="1" status="pass" classname="tests/unit/test_game_state.gd" time="0.00018" >
      </testcase>
      <testcase name="test_game_state_death" assertions="2" status="pass" classname="tests/unit/test_game_state.gd" time="0.00073" >
      </testcase>
      <testcase name="test_game_state_kills" assertions="1" status="pass" classname="tests/unit/test_game_state.gd" time="0.000192" >
      </testcase>
      </testsuite>
  <testsuite name="tests/unit/test_health_component.gd" tests="13" failures="0" skipped="0" time="0.039204" >
      <testcase name="test_health_starts_at_max" assertions="2" status="pass" classname="tests/unit/test_health_component.gd" time="0.000357" >
      </testcase>
      <testcase name="test_take_damage_reduces_health" assertions="1" status="pass" classname="tests/unit/test_health_component.gd" time="0.000157" >
      </testcase>
      <testcase name="test_take_damage_emits_signal" assertions="1" status="pass" classname="tests/unit/test_health_component.gd" time="0.011439" >
      </testcase>
      <testcase name="test_health_does_not_go_below_zero" assertions="1" status="pass" classname="tests/unit/test_health_component.gd" time="0.00109" >
      </testcase>
      <testcase name="test_health_depleted_signal" assertions="1" status="pass" classname="tests/unit/test_health_component.gd" time="0.014293" >
      </testcase>
      <testcase name="test_is_alive_after_damage" assertions="1" status="pass" classname="tests/unit/test_health_component.gd" time="0.000466" >
      </testcase>
      <testcase name="test_is_not_alive_after_fatal_damage" assertions="1" status="pass" classname="tests/unit/test_health_component.gd" time="0.000326" >
      </testcase>
      <testcase name="test_heal_restores_health" assertions="1" status="pass" classname="tests/unit/test_health_component.gd" time="0.000357" >
      </testcase>
      <testcase name="test_heal_does_not_exceed_max" assertions="1" status="pass" classname="tests/unit/test_health_component.gd" time="0.009244" >
      </testcase>
      <testcase name="test_heal_does_nothing_when_dead" assertions="1" status="pass" classname="tests/unit/test_health_component.gd" time="0.000506" >
      </testcase>
      <testcase name="test_get_health_ratio" assertions="2" status="pass" classname="tests/unit/test_health_component.gd" time="0.000536" >
      </testcase>
      <testcase name="test_no_damage_when_dead" assertions="1" status="pass" classname="tests/unit/test_health_component.gd" time="0.000228" >
      </testcase>
      <testcase name="test_invulnerability_prevents_damage" assertions="1" status="pass" classname="tests/unit/test_health_component.gd" time="0.000205" >
      </testcase>
      </testsuite>
  <testsuite name="tests/unit/test_player_placeholder.gd" tests="4" failures="0" skipped="0" time="0.027282" >
      <testcase name="test_character_body_3d_can_be_instantiated" assertions="1" status="pass" classname="tests/unit/test_player_placeholder.gd" time="0.000391" >
      </testcase>
      <testcase name="test_character_body_3d_has_collision_layer" assertions="1" status="pass" classname="tests/unit/test_player_placeholder.gd" time="0.026174" >
      </testcase>
      <testcase name="test_character_body_3d_position_defaults_to_origin" assertions="1" status="pass" classname="tests/unit/test_player_placeholder.gd" time="0.000319" >
      </testcase>
      <testcase name="test_character_body_3d_can_be_moved" assertions="3" status="pass" classname="tests/unit/test_player_placeholder.gd" time="0.000398" >
      </testcase>
      </testsuite>
  <testsuite name="tests/unit/test_project_load.gd" tests="3" failures="0" skipped="0" time="0.039943" >
      <testcase name="test_project_loads_without_errors" assertions="1" status="pass" classname="tests/unit/test_project_load.gd" time="0.000108" >
      </testcase>
      <testcase name="test_main_scene_is_accessible" assertions="1" status="pass" classname="tests/unit/test_project_load.gd" time="0.029717" >
      </testcase>
      <testcase name="test_gut_framework_is_loaded" assertions="1" status="pass" classname="tests/unit/test_project_load.gd" time="0.010118" >
      </testcase>
      </testsuite>
  <testsuite name="tests/unit/test_weapon.gd" tests="33" failures="0" skipped="0" time="19.277052" >
      <testcase name="test_gun_starts_with_full_ammo" assertions="2" status="pass" classname="tests/unit/test_weapon.gd" time="0.073036" >
      </testcase>
      <testcase name="test_firing_reduces_ammo" assertions="1" status="pass" classname="tests/unit/test_weapon.gd" time="0.592053" >
      </testcase>
      <testcase name="test_firing_emits_fired_signal" assertions="1" status="pass" classname="tests/unit/test_weapon.gd" time="0.642122" >
      </testcase>
      <testcase name="test_cannot_fire_while_reloading" assertions="2" status="pass" classname="tests/unit/test_weapon.gd" time="0.660394" >
      </testcase>
      <testcase name="test_reload_restores_ammo" assertions="2" status="pass" classname="tests/unit/test_weapon.gd" time="5.586785" >
      </testcase>
      <testcase name="test_reloaded_signal" assertions="1" status="pass" classname="tests/unit/test_weapon.gd" time="5.649545" >
      </testcase>
      <testcase name="test_ammo_depleted_signal" assertions="1" status="pass" classname="tests/unit/test_weapon.gd" time="3.636694" >
      </testcase>
      <testcase name="test_reload_does_nothing_when_full" assertions="2" status="pass" classname="tests/unit/test_weapon.gd" time="0.06823" >
      </testcase>
      <testcase name="test_damage_is_correct" assertions="1" status="pass" classname="tests/unit/test_weapon.gd" time="0.024951" >
      </testcase>
      <testcase name="test_wm_starts_with_no_weapons" assertions="2" status="pass" classname="tests/unit/test_weapon.gd" time="0.035671" >
      </testcase>
      <testcase name="test_wm_can_add_weapon_to_slot_0" assertions="2" status="pass" classname="tests/unit/test_weapon.gd" time="0.012306" >
      </testcase>
      <testcase name="test_wm_can_add_two_weapons" assertions="1" status="pass" classname="tests/unit/test_weapon.gd" time="0.016278" >
      </testcase>
      <testcase name="test_wm_adding_to_occupied_slot_replaces" assertions="2" status="pass" classname="tests/unit/test_weapon.gd" time="0.028904" >
      </testcase>
      <testcase name="test_wm_cannot_exceed_two_slots" assertions="2" status="pass" classname="tests/unit/test_weapon.gd" time="0.032558" >
      </testcase>
      <testcase name="test_wm_swap_next_wraps_around" assertions="3" status="pass" classname="tests/unit/test_weapon.gd" time="0.054043" >
      </testcase>
      <testcase name="test_wm_swap_previous_wraps_around" assertions="3" status="pass" classname="tests/unit/test_weapon.gd" time="0.033354" >
      </testcase>
      <testcase name="test_wm_swap_does_nothing_with_one_weapon" assertions="2" status="pass" classname="tests/unit/test_weapon.gd" time="0.025981" >
      </testcase>
      <testcase name="test_wm_swap_signal_emitted" assertions="1" status="pass" classname="tests/unit/test_weapon.gd" time="0.031709" >
      </testcase>
      <testcase name="test_wm_inactive_weapon_is_hidden" assertions="2" status="pass" classname="tests/unit/test_weapon.gd" time="0.009248" >
      </testcase>
      <testcase name="test_wm_get_slot_index" assertions="2" status="pass" classname="tests/unit/test_weapon.gd" time="0.028494" >
      </testcase>
      <testcase name="test_cb_starts_ready" assertions="1" status="pass" classname="tests/unit/test_weapon.gd" time="0.018355" >
      </testcase>
      <testcase name="test_cb_has_correct_damage" assertions="1" status="pass" classname="tests/unit/test_weapon.gd" time="0.02729" >
      </testcase>
      <testcase name="test_cb_throw_changes_ready_state" assertions="1" status="pass" classname="tests/unit/test_weapon.gd" time="0.056245" >
      </testcase>
      <testcase name="test_cb_cannot_throw_while_projectile_active" assertions="1" status="pass" classname="tests/unit/test_weapon.gd" time="0.046251" >
      </testcase>
      <testcase name="test_cb_projectile_is_created_on_throw" assertions="1" status="pass" classname="tests/unit/test_weapon.gd" time="0.048284" >
      </testcase>
      <testcase name="test_cb_projectile_moves_forward" assertions="1" status="pass" classname="tests/unit/test_weapon.gd" time="0.270036" >
      </testcase>
      <testcase name="test_cb_projectile_returns" assertions="1" status="pass" classname="tests/unit/test_weapon.gd" time="1.043033" >
      </testcase>
      <testcase name="test_cb_projectile_has_curved_hitbox" assertions="3" status="pass" classname="tests/unit/test_weapon.gd" time="0.082074" >
      </testcase>
      <testcase name="test_cb_throw_speed_is_configurable" assertions="1" status="pass" classname="tests/unit/test_weapon.gd" time="0.033891" >
      </testcase>
      <testcase name="test_cb_max_range_is_configurable" assertions="1" status="pass" classname="tests/unit/test_weapon.gd" time="0.031714" >
      </testcase>
      <testcase name="test_cb_projectile_has_croissant_mesh" assertions="5" status="pass" classname="tests/unit/test_weapon.gd" time="0.049118" >
      </testcase>
      <testcase name="test_cb_projectile_spins_in_flight" assertions="1" status="pass" classname="tests/unit/test_weapon.gd" time="0.294824" >
      </testcase>
      <testcase name="test_wm_swap_has_transition_animation" assertions="2" status="pass" classname="tests/unit/test_weapon.gd" time="0.033581" >
      </testcase>
      </testsuite>
  <testsuite name="tests/unit/test_weapon_manager.gd" tests="1" failures="0" skipped="0" time="0.001544" >
      <testcase name="test_weapon_manager_trivial" assertions="1" status="pass" classname="tests/unit/test_weapon_manager.gd" time="0.001544" >
      </testcase>
      </testsuite>
  </testsuites>